<?xml version="1.0" encoding="UTF-8"?>
<!-- Generated by org.testng.reporters.JUnitXMLReporter -->
<testsuite ignored="0" hostname="Vimalbind96" failures="0" tests="5" name="myTest" time="104.864" errors="0" timestamp="2026-03-30T09:01:14 IST">
  <testcase classname="org.Eva.Vtiger.TestCases.TestCases" name="TC003_LeadCreateWithMandatoryFieldAndVerifyLead" time="54.391"/>
  <testcase classname="org.Eva.Vtiger.TestCases.TestCases" name="TC001_LoginAndVerifyHomePage" time="2.66"/>
  <testcase classname="org.Eva.Vtiger.TestCases.TestCases" name="TC004_LeadCreateWithAllFieldAndVerifyLead" time="23.238"/>
  <testcase classname="org.Eva.Vtiger.TestCases.TestCases" name="TC005_DeleteLeadAndVerifyLead" time="11.994"/>
  <testcase classname="org.Eva.Vtiger.TestCases.TestCases" name="TC002_LogoutAndVerifyLoginPage" time="12.492"/>
</testsuite> <!-- myTest -->
