<?xml version="1.0" encoding="UTF-8"?>
<!-- Generated by org.testng.reporters.JUnitXMLReporter -->
<testsuite ignored="0" hostname="Vimalbind96" failures="0" tests="40" name="EndToEndTestCases" time="0.247" errors="0" timestamp="2026-03-30T17:58:06 IST">
  <testcase classname="eva.practicetestNG.Practice" name="TestNG1" time="0.019"/>
  <testcase classname="eva.practicetestNG.Practice" name="TestNG10" time="0.002"/>
  <testcase classname="eva.practicetestNG.Practice" name="TestNG11" time="0.001"/>
  <testcase classname="eva.practicetestNG.Practice" name="TestNG12" time="0.001"/>
  <testcase classname="eva.practicetestNG.Practice" name="TestNG13" time="0.001"/>
  <testcase classname="eva.practicetestNG.Practice" name="TestNG14" time="0.002"/>
  <testcase classname="eva.practicetestNG.Practice" name="TestNG2" time="0.002"/>
  <testcase classname="eva.practicetestNG.Practice" name="TestNG3" time="0.001"/>
  <testcase classname="eva.practicetestNG.Practice" name="TestNG4" time="0.002"/>
  <testcase classname="eva.practicetestNG.Practice" name="TestNG5" time="0.002"/>
  <testcase classname="eva.practicetestNG.Practice" name="TestNG6" time="0.002"/>
  <testcase classname="eva.practicetestNG.Practice" name="TestNG7" time="0.001"/>
  <testcase classname="eva.practicetestNG.Practice" name="TestNG8" time="0.001"/>
  <testcase classname="eva.practicetestNG.Practice" name="TestNG9" time="0.002"/>
  <testcase classname="eva.practicetestNG.Practice_2" name="TestNG10" time="0.001"/>
  <testcase classname="eva.practicetestNG.Practice_2" name="TestNG11" time="0.001"/>
  <testcase classname="eva.practicetestNG.Practice_2" name="TestNG12" time="0.002"/>
  <testcase classname="eva.practicetestNG.Practice_2" name="TestNG13" time="0.003"/>
  <testcase classname="eva.practicetestNG.Practice_2" name="TestNG14" time="0.003"/>
  <testcase classname="eva.practicetestNG.Practice_2" name="TestNG2" time="0.001"/>
  <testcase classname="eva.practicetestNG.Practice_2" name="TestNG3" time="0.0"/>
  <testcase classname="eva.practicetestNG.Practice_2" name="TestNG4" time="0.001"/>
  <testcase classname="eva.practicetestNG.Practice_2" name="TestNG5" time="0.002"/>
  <testcase classname="eva.practicetestNG.Practice_2" name="TestNG6" time="0.002"/>
  <testcase classname="eva.practicetestNG.Practice_2" name="TestNG7" time="0.001"/>
  <testcase classname="eva.practicetestNG.Practice_2" name="TestNG8" time="0.0"/>
  <testcase classname="eva.practicetestNG.Practice_2" name="TestNG9" time="0.001"/>
  <testcase classname="eva.practicetestNG.Practice_3" name="TestNG10" time="0.002"/>
  <testcase classname="eva.practicetestNG.Practice_3" name="TestNG11" time="0.001"/>
  <testcase classname="eva.practicetestNG.Practice_3" name="TestNG12" time="0.002"/>
  <testcase classname="eva.practicetestNG.Practice_3" name="TestNG13" time="0.001"/>
  <testcase classname="eva.practicetestNG.Practice_3" name="TestNG14" time="0.001"/>
  <testcase classname="eva.practicetestNG.Practice_3" name="TestNG2" time="0.001"/>
  <testcase classname="eva.practicetestNG.Practice_3" name="TestNG3" time="0.001"/>
  <testcase classname="eva.practicetestNG.Practice_3" name="TestNG4" time="0.001"/>
  <testcase classname="eva.practicetestNG.Practice_3" name="TestNG5" time="0.001"/>
  <testcase classname="eva.practicetestNG.Practice_3" name="TestNG6" time="0.001"/>
  <testcase classname="eva.practicetestNG.Practice_3" name="TestNG7" time="0.003"/>
  <testcase classname="eva.practicetestNG.Practice_3" name="TestNG8" time="0.001"/>
  <testcase classname="eva.practicetestNG.Practice_3" name="TestNG9" time="0.002"/>
</testsuite> <!-- EndToEndTestCases -->
