<?xml version="1.0" encoding="UTF-8"?>
<testng-results ignored="0" total="1" passed="1" failed="0" skipped="0">
  <reporter-output>
  </reporter-output>
  <suite started-at="2026-05-07T10:58:55 IST" name="Default suite" finished-at="2026-05-07T10:58:59 IST" duration-ms="4389">
    <groups>
    </groups>
    <test started-at="2026-05-07T10:58:55 IST" name="Default test" finished-at="2026-05-07T10:58:59 IST" duration-ms="4389">
      <class name="vtigerAutomate.loginAndVerifyHomePage">
        <test-method signature="loginWithValidCredential()[pri:0, instance:vtigerAutomate.loginAndVerifyHomePage@158da8e]" started-at="2026-05-07T10:58:55 IST" name="loginWithValidCredential" finished-at="2026-05-07T10:58:59 IST" duration-ms="4347" status="PASS">
          <reporter-output>
          </reporter-output>
        </test-method> <!-- loginWithValidCredential -->
      </class> <!-- vtigerAutomate.loginAndVerifyHomePage -->
    </test> <!-- Default test -->
  </suite> <!-- Default suite -->
</testng-results>
