<?xml version="1.0" encoding="UTF-8"?>
<!-- Generated by org.testng.reporters.JUnitXMLReporter -->
<testsuite ignored="2" hostname="Vimalbind96" failures="3" tests="3" name="practice" time="0.085" errors="0" timestamp="2026-04-01T12:27:16 IST">
  <testcase classname="org.Eva.Vtiger.TestCases.TestCases" name="TC001_LoginAndVerifyHomePage" time="0.018">
    <failure type="java.lang.NullPointerException" message="Cannot invoke &amp;quot;Org.Eva.Vtiger.utils.WebUtil.validateURLContains(String, String)&amp;quot; because &amp;quot;this.webUtil&amp;quot; is null">
      <![CDATA[java.lang.NullPointerException: Cannot invoke "Org.Eva.Vtiger.utils.WebUtil.validateURLContains(String, String)" because "this.webUtil" is null
at org.Eva.Vtiger.TestCases.TestCases.TC001_LoginAndVerifyHomePage(TestCases.java:30)
at java.base/java.util.ArrayList.forEach(ArrayList.java:1604)
... Removed 25 stack frames]]>
    </failure>
  </testcase> <!-- TC001_LoginAndVerifyHomePage -->
  <testcase classname="org.Eva.Vtiger.TestCases.TestCases" name="TC003_LeadCreateWithMandatoryFieldAndVerifyLead" time="0.001">
    <failure type="java.lang.NullPointerException" message="Cannot invoke &amp;quot;Org.Eva.Vtiger.utils.WebUtil.validateURLContains(String, String)&amp;quot; because &amp;quot;this.webUtil&amp;quot; is null">
      <![CDATA[java.lang.NullPointerException: Cannot invoke "Org.Eva.Vtiger.utils.WebUtil.validateURLContains(String, String)" because "this.webUtil" is null
at org.Eva.Vtiger.TestCases.TestCases.TC003_LeadCreateWithMandatoryFieldAndVerifyLead(TestCases.java:43)
at java.base/java.util.ArrayList.forEach(ArrayList.java:1604)
... Removed 25 stack frames]]>
    </failure>
  </testcase> <!-- TC003_LeadCreateWithMandatoryFieldAndVerifyLead -->
  <testcase classname="org.Eva.Vtiger.TestCases.TestCases" name="TC002_LogoutAndVerifyLoginPage" time="0.002">
    <failure type="java.lang.NullPointerException" message="Cannot invoke &amp;quot;Org.Eva.Vtiger.utils.WebUtil.validateURLContains(String, String)&amp;quot; because &amp;quot;this.webUtil&amp;quot; is null">
      <![CDATA[java.lang.NullPointerException: Cannot invoke "Org.Eva.Vtiger.utils.WebUtil.validateURLContains(String, String)" because "this.webUtil" is null
at org.Eva.Vtiger.TestCases.TestCases.TC002_LogoutAndVerifyLoginPage(TestCases.java:35)
at java.base/java.util.ArrayList.forEach(ArrayList.java:1604)
... Removed 25 stack frames]]>
    </failure>
  </testcase> <!-- TC002_LogoutAndVerifyLoginPage -->
  <testcase classname="org.Eva.Vtiger.TestCases.TestCases" name="TC005_DeleteLeadAndVerifyLead" time="0.0">
    <ignored/>
  </testcase> <!-- TC005_DeleteLeadAndVerifyLead -->
  <testcase classname="org.Eva.Vtiger.TestCases.TestCases" name="TC004_LeadCreateWithAllFieldAndVerifyLead" time="0.0">
    <ignored/>
  </testcase> <!-- TC004_LeadCreateWithAllFieldAndVerifyLead -->
</testsuite> <!-- practice -->
