<?xml version="1.0" encoding="UTF-8"?>
<testng-results ignored="11" total="12" passed="0" failed="1" skipped="0">
  <reporter-output>
  </reporter-output>
  <suite started-at="2026-04-13T14:47:15 IST" name="Default suite" finished-at="2026-04-13T14:47:31 IST" duration-ms="16030">
    <groups>
      <group name="regrassion">
        <method signature="LeadsModualTestCases.TC_REG_03_Verify_Edit_Existing_Lead_Details()[pri:0, instance:org.Eva.Vtiger.TestCases.LeadsModualTestCases@2f9f7dcf]" name="TC_REG_03_Verify_Edit_Existing_Lead_Details" class="org.Eva.Vtiger.TestCases.LeadsModualTestCases"/>
      </group> <!-- regrassion -->
    </groups>
    <test started-at="2026-04-13T14:47:15 IST" name="Default test" finished-at="2026-04-13T14:47:31 IST" duration-ms="16030">
      <class name="org.Eva.Vtiger.TestCases.LeadsModualTestCases">
        <test-method is-config="true" signature="setUpBrowser()[pri:0, instance:org.Eva.Vtiger.TestCases.LeadsModualTestCases@2f9f7dcf]" started-at="2026-04-13T14:47:15 IST" name="setUpBrowser" finished-at="2026-04-13T14:47:16 IST" duration-ms="1484" status="PASS">
          <reporter-output>
          </reporter-output>
        </test-method> <!-- setUpBrowser -->
        <test-method is-config="true" signature="beforeMethodLogin()[pri:0, instance:org.Eva.Vtiger.TestCases.LeadsModualTestCases@2f9f7dcf]" started-at="2026-04-13T14:47:16 IST" name="beforeMethodLogin" finished-at="2026-04-13T14:47:17 IST" duration-ms="1111" status="PASS">
          <reporter-output>
          </reporter-output>
        </test-method> <!-- beforeMethodLogin -->
        <test-method signature="TC_REG_03_Verify_Edit_Existing_Lead_Details()[pri:0, instance:org.Eva.Vtiger.TestCases.LeadsModualTestCases@2f9f7dcf]" started-at="2026-04-13T14:47:17 IST" name="TC_REG_03_Verify_Edit_Existing_Lead_Details" finished-at="2026-04-13T14:47:28 IST" duration-ms="10474" status="FAIL">
          <exception class="java.lang.AssertionError">
            <message>
              <![CDATA[new lead create successful expected [true] but found [false]]]>
            </message>
            <full-stacktrace>
              <![CDATA[java.lang.AssertionError: new lead create successful expected [true] but found [false]
at org.testng.Assert.fail(Assert.java:111)
at org.testng.Assert.failNotEquals(Assert.java:1590)
at org.testng.Assert.assertTrue(Assert.java:57)
at Org.Eva.Vtiger.utils.WebUtil.validateGetTextContains(WebUtil.java:913)
at Org.Vtiger.Pages.LeadsDetailsPage.validateLeadDetailsByContains(LeadsDetailsPage.java:46)
at org.Eva.Vtiger.TestCases.LeadsModualTestCases.TC_REG_03_Verify_Edit_Existing_Lead_Details(LeadsModualTestCases.java:153)
at java.base/jdk.internal.reflect.DirectMethodHandleAccessor.invoke(DirectMethodHandleAccessor.java:104)
at java.base/java.lang.reflect.Method.invoke(Method.java:565)
at org.testng.internal.invokers.MethodInvocationHelper.invokeMethod(MethodInvocationHelper.java:141)
at org.testng.internal.invokers.TestInvoker.invokeMethod(TestInvoker.java:687)
at org.testng.internal.invokers.TestInvoker.invokeTestMethod(TestInvoker.java:230)
at org.testng.internal.invokers.MethodRunner.runInSequence(MethodRunner.java:63)
at org.testng.internal.invokers.TestInvoker$MethodInvocationAgent.invoke(TestInvoker.java:995)
at org.testng.internal.invokers.TestInvoker.invokeTestMethods(TestInvoker.java:203)
at org.testng.internal.invokers.TestMethodWorker.invokeTestMethods(TestMethodWorker.java:154)
at org.testng.internal.invokers.TestMethodWorker.run(TestMethodWorker.java:134)
at java.base/java.util.ArrayList.forEach(ArrayList.java:1604)
at org.testng.TestRunner.privateRun(TestRunner.java:741)
at org.testng.TestRunner.run(TestRunner.java:616)
at org.testng.SuiteRunner.runTest(SuiteRunner.java:421)
at org.testng.SuiteRunner.runSequentially(SuiteRunner.java:413)
at org.testng.SuiteRunner.privateRun(SuiteRunner.java:373)
at org.testng.SuiteRunner.run(SuiteRunner.java:312)
at org.testng.SuiteRunnerWorker.runSuite(SuiteRunnerWorker.java:52)
at org.testng.SuiteRunnerWorker.run(SuiteRunnerWorker.java:95)
at org.testng.TestNG.runSuitesSequentially(TestNG.java:1274)
at org.testng.TestNG.runSuitesLocally(TestNG.java:1208)
at org.testng.TestNG.runSuites(TestNG.java:1112)
at org.testng.TestNG.run(TestNG.java:1079)
at org.testng.remote.AbstractRemoteTestNG.run(AbstractRemoteTestNG.java:115)
at org.testng.remote.RemoteTestNG.initAndRun(RemoteTestNG.java:293)
at org.testng.remote.RemoteTestNG.main(RemoteTestNG.java:91)
]]>
            </full-stacktrace>
          </exception> <!-- java.lang.AssertionError -->
          <reporter-output>
          </reporter-output>
        </test-method> <!-- TC_REG_03_Verify_Edit_Existing_Lead_Details -->
        <test-method is-config="true" signature="signOutVtiger()[pri:0, instance:org.Eva.Vtiger.TestCases.LeadsModualTestCases@2f9f7dcf]" started-at="2026-04-13T14:47:28 IST" name="signOutVtiger" finished-at="2026-04-13T14:47:31 IST" duration-ms="2742" status="PASS">
          <reporter-output>
          </reporter-output>
        </test-method> <!-- signOutVtiger -->
        <test-method is-config="true" signature="closeBrowser()[pri:0, instance:org.Eva.Vtiger.TestCases.LeadsModualTestCases@2f9f7dcf]" started-at="2026-04-13T14:47:31 IST" name="closeBrowser" finished-at="2026-04-13T14:47:31 IST" duration-ms="156" status="PASS">
          <reporter-output>
          </reporter-output>
        </test-method> <!-- closeBrowser -->
      </class> <!-- org.Eva.Vtiger.TestCases.LeadsModualTestCases -->
    </test> <!-- Default test -->
  </suite> <!-- Default suite -->
</testng-results>
