<?xml version="1.0" encoding="UTF-8"?>
<!-- Generated by org.testng.reporters.JUnitXMLReporter -->
<testsuite ignored="1" hostname="Vimalbind96" failures="0" tests="2" name="myTestCases" time="29.037" errors="0" timestamp="2026-04-07T10:45:08 IST">
  <testcase classname="org.Eva.Vtiger.TestCases.TestCases" name="TC001_LoginAndVerifyHomePage" time="1.691"/>
  <testcase classname="org.Eva.Vtiger.TestCases.TestCases" name="TC003_LeadCreateWithMandatoryFieldAndVerifyLead" time="17.258"/>
  <testcase classname="org.Eva.Vtiger.TestCases.TestCases" name="TC004_LeadCreateWithAllFieldAndVerifyLead" time="0.0">
    <ignored/>
  </testcase> <!-- TC004_LeadCreateWithAllFieldAndVerifyLead -->
</testsuite> <!-- myTestCases -->
