<?xml version="1.0" encoding="UTF-8"?>
<!-- Generated by org.testng.reporters.JUnitXMLReporter -->
<testsuite ignored="0" hostname="Vimalbind96" failures="3" tests="12" name="TestCasesPractice1" time="122.369" errors="0" timestamp="2026-04-06T21:00:41 IST">
  <testcase classname="org.Eva.Vtiger.TestCases.LeadsModualTestCases" name="TC_REG_01_Verify_Create_Lead_With_Invalid_Data" time="4.515"/>
  <testcase classname="org.Eva.Vtiger.TestCases.LeadsModualTestCases" name="TC_REG_02_Verify_Create_Lead_With_Missing_Mandatory_Fields" time="6.877"/>
  <testcase classname="org.Eva.Vtiger.TestCases.LeadsModualTestCases" name="TC_REG_03_Verify_Edit_Existing_Lead_Details" time="16.041">
    <failure type="org.openqa.selenium.UnhandledAlertException" message="unexpected alert open: {Alert text : Last Name cannot be empty}
  (Session info: chrome=146.0.7680.178): Last Name cannot be empty
Build info: version: &amp;apos;4.39.0&amp;apos;, revision: &amp;apos;126f156aee&amp;apos;
System info: os.name: &amp;apos;Windows 11&amp;apos;, os.arch: &amp;apos;amd64&amp;apos;, os.version: &amp;apos;10.0&amp;apos;, java.version: &amp;apos;24.0.1&amp;apos;
Driver info: org.openqa.selenium.chrome.ChromeDriver
Command: [bcc19a4ce8f019f3969f05e5c7026d9e, findElement {using=xpath, value=//input[@accesskey=&amp;apos;E&amp;apos;]}]
Capabilities {acceptInsecureCerts: false, browserName: chrome, browserVersion: 146.0.7680.178, chrome: {chromedriverVersion: 146.0.7680.80 (f08938029c88..., userDataDir: C:\Users\VIMALB~1\AppData\L...}, fedcm:accounts: true, goog:chromeOptions: {debuggerAddress: localhost:64713}, goog:processID: 16352, networkConnectionEnabled: false, pageLoadStrategy: normal, platformName: windows, proxy: Proxy(), se:cdp: ws://localhost:64713/devtoo..., se:cdpVersion: 146.0.7680.178, setWindowRect: true, strictFileInteractability: false, timeouts: {implicit: 0, pageLoad: 300000, script: 30000}, unhandledPromptBehavior: dismiss and notify, webauthn:extension:credBlob: true, webauthn:extension:largeBlob: true, webauthn:extension:minPinLength: true, webauthn:extension:prf: true, webauthn:virtualAuthenticators: true}
Session ID: bcc19a4ce8f019f3969f05e5c7026d9e">
      <![CDATA[org.openqa.selenium.UnhandledAlertException: unexpected alert open: {Alert text : Last Name cannot be empty}
  (Session info: chrome=146.0.7680.178): Last Name cannot be empty
Build info: version: '4.39.0', revision: '126f156aee'
System info: os.name: 'Windows 11', os.arch: 'amd64', os.version: '10.0', java.version: '24.0.1'
Driver info: org.openqa.selenium.chrome.ChromeDriver
Command: [bcc19a4ce8f019f3969f05e5c7026d9e, findElement {using=xpath, value=//input[@accesskey='E']}]
Capabilities {acceptInsecureCerts: false, browserName: chrome, browserVersion: 146.0.7680.178, chrome: {chromedriverVersion: 146.0.7680.80 (f08938029c88..., userDataDir: C:\Users\VIMALB~1\AppData\L...}, fedcm:accounts: true, goog:chromeOptions: {debuggerAddress: localhost:64713}, goog:processID: 16352, networkConnectionEnabled: false, pageLoadStrategy: normal, platformName: windows, proxy: Proxy(), se:cdp: ws://localhost:64713/devtoo..., se:cdpVersion: 146.0.7680.178, setWindowRect: true, strictFileInteractability: false, timeouts: {implicit: 0, pageLoad: 300000, script: 30000}, unhandledPromptBehavior: dismiss and notify, webauthn:extension:credBlob: true, webauthn:extension:largeBlob: true, webauthn:extension:minPinLength: true, webauthn:extension:prf: true, webauthn:virtualAuthenticators: true}
Session ID: bcc19a4ce8f019f3969f05e5c7026d9e
at org.openqa.selenium.remote.codec.w3c.W3CHttpResponseCodec.decode(W3CHttpResponseCodec.java:140)
at org.openqa.selenium.remote.codec.w3c.W3CHttpResponseCodec.decode(W3CHttpResponseCodec.java:49)
at org.openqa.selenium.remote.HttpCommandExecutor.execute(HttpCommandExecutor.java:215)
at org.openqa.selenium.remote.service.DriverCommandExecutor.invokeExecute(DriverCommandExecutor.java:216)
at org.openqa.selenium.remote.service.DriverCommandExecutor.execute(DriverCommandExecutor.java:174)
at org.openqa.selenium.remote.RemoteWebDriver.execute(RemoteWebDriver.java:561)
at org.openqa.selenium.remote.ElementLocation$ElementFinder$2.findElement(ElementLocation.java:166)
at org.openqa.selenium.remote.ElementLocation.findElement(ElementLocation.java:60)
at org.openqa.selenium.remote.RemoteWebDriver.findElement(RemoteWebDriver.java:384)
at org.openqa.selenium.remote.RemoteWebDriver.findElement(RemoteWebDriver.java:378)
at org.openqa.selenium.support.pagefactory.DefaultElementLocator.findElement(DefaultElementLocator.java:68)
at org.openqa.selenium.support.pagefactory.internal.LocatingElementHandler.invoke(LocatingElementHandler.java:38)
at jdk.proxy2/jdk.proxy2.$Proxy14.isDisplayed(Unknown Source)
at org.openqa.selenium.support.ui.ExpectedConditions.elementIfVisible(ExpectedConditions.java:308)
at org.openqa.selenium.support.ui.ExpectedConditions$10.apply(ExpectedConditions.java:294)
at org.openqa.selenium.support.ui.ExpectedConditions$10.apply(ExpectedConditions.java:291)
at org.openqa.selenium.support.ui.ExpectedConditions$23.apply(ExpectedConditions.java:662)
at org.openqa.selenium.support.ui.ExpectedConditions$23.apply(ExpectedConditions.java:658)
at org.openqa.selenium.support.ui.FluentWait.until(FluentWait.java:203)
at Org.Eva.Vtiger.utils.WebUtil.explicitWait_For_elementToBeClickable(WebUtil.java:596)
at Org.Eva.Vtiger.utils.WebUtil.click(WebUtil.java:91)
at Org.Vtiger.Pages.LeadsDetailsPage.clickOnEditLeadsButton(LeadsDetailsPage.java:49)
at org.Eva.Vtiger.TestCases.LeadsModualTestCases.TC_REG_03_Verify_Edit_Existing_Lead_Details(LeadsModualTestCases.java:146)
at java.base/java.util.ArrayList.forEach(ArrayList.java:1604)
... Removed 25 stack frames]]>
    </failure>
  </testcase> <!-- TC_REG_03_Verify_Edit_Existing_Lead_Details -->
  <testcase classname="org.Eva.Vtiger.TestCases.LeadsModualTestCases" name="TC_REG_05_Verify_Search_Lead_By_Name" time="4.363"/>
  <testcase classname="org.Eva.Vtiger.TestCases.LeadsModualTestCases" name="TC_REG_06_Verify_Filter_Leads_By_Status" time="4.653"/>
  <testcase classname="org.Eva.Vtiger.TestCases.LeadsModualTestCases" name="TC_REG_07_Verify_Duplicate_Lead_Creation_Not_Allowed" time="8.511"/>
  <testcase classname="org.Eva.Vtiger.TestCases.LeadsModualTestCases" name="TC_REG_08_Verify_Email_Field_Validation" time="12.16">
    <failure type="org.openqa.selenium.UnhandledAlertException" message="unexpected alert open: {Alert text : Please enter a valid Email (EMAIL)}
  (Session info: chrome=146.0.7680.178): Please enter a valid Email (EMAIL)
Build info: version: &amp;apos;4.39.0&amp;apos;, revision: &amp;apos;126f156aee&amp;apos;
System info: os.name: &amp;apos;Windows 11&amp;apos;, os.arch: &amp;apos;amd64&amp;apos;, os.version: &amp;apos;10.0&amp;apos;, java.version: &amp;apos;24.0.1&amp;apos;
Driver info: org.openqa.selenium.chrome.ChromeDriver
Command: [bcc19a4ce8f019f3969f05e5c7026d9e, findElement {using=xpath, value=//span[contains(text(),&amp;apos;Lead Information&amp;apos;)]}]
Capabilities {acceptInsecureCerts: false, browserName: chrome, browserVersion: 146.0.7680.178, chrome: {chromedriverVersion: 146.0.7680.80 (f08938029c88..., userDataDir: C:\Users\VIMALB~1\AppData\L...}, fedcm:accounts: true, goog:chromeOptions: {debuggerAddress: localhost:64713}, goog:processID: 16352, networkConnectionEnabled: false, pageLoadStrategy: normal, platformName: windows, proxy: Proxy(), se:cdp: ws://localhost:64713/devtoo..., se:cdpVersion: 146.0.7680.178, setWindowRect: true, strictFileInteractability: false, timeouts: {implicit: 0, pageLoad: 300000, script: 30000}, unhandledPromptBehavior: dismiss and notify, webauthn:extension:credBlob: true, webauthn:extension:largeBlob: true, webauthn:extension:minPinLength: true, webauthn:extension:prf: true, webauthn:virtualAuthenticators: true}
Session ID: bcc19a4ce8f019f3969f05e5c7026d9e">
      <![CDATA[org.openqa.selenium.UnhandledAlertException: unexpected alert open: {Alert text : Please enter a valid Email (EMAIL)}
  (Session info: chrome=146.0.7680.178): Please enter a valid Email (EMAIL)
Build info: version: '4.39.0', revision: '126f156aee'
System info: os.name: 'Windows 11', os.arch: 'amd64', os.version: '10.0', java.version: '24.0.1'
Driver info: org.openqa.selenium.chrome.ChromeDriver
Command: [bcc19a4ce8f019f3969f05e5c7026d9e, findElement {using=xpath, value=//span[contains(text(),'Lead Information')]}]
Capabilities {acceptInsecureCerts: false, browserName: chrome, browserVersion: 146.0.7680.178, chrome: {chromedriverVersion: 146.0.7680.80 (f08938029c88..., userDataDir: C:\Users\VIMALB~1\AppData\L...}, fedcm:accounts: true, goog:chromeOptions: {debuggerAddress: localhost:64713}, goog:processID: 16352, networkConnectionEnabled: false, pageLoadStrategy: normal, platformName: windows, proxy: Proxy(), se:cdp: ws://localhost:64713/devtoo..., se:cdpVersion: 146.0.7680.178, setWindowRect: true, strictFileInteractability: false, timeouts: {implicit: 0, pageLoad: 300000, script: 30000}, unhandledPromptBehavior: dismiss and notify, webauthn:extension:credBlob: true, webauthn:extension:largeBlob: true, webauthn:extension:minPinLength: true, webauthn:extension:prf: true, webauthn:virtualAuthenticators: true}
Session ID: bcc19a4ce8f019f3969f05e5c7026d9e
at org.openqa.selenium.remote.codec.w3c.W3CHttpResponseCodec.decode(W3CHttpResponseCodec.java:140)
at org.openqa.selenium.remote.codec.w3c.W3CHttpResponseCodec.decode(W3CHttpResponseCodec.java:49)
at org.openqa.selenium.remote.HttpCommandExecutor.execute(HttpCommandExecutor.java:215)
at org.openqa.selenium.remote.service.DriverCommandExecutor.invokeExecute(DriverCommandExecutor.java:216)
at org.openqa.selenium.remote.service.DriverCommandExecutor.execute(DriverCommandExecutor.java:174)
at org.openqa.selenium.remote.RemoteWebDriver.execute(RemoteWebDriver.java:561)
at org.openqa.selenium.remote.ElementLocation$ElementFinder$2.findElement(ElementLocation.java:166)
at org.openqa.selenium.remote.ElementLocation.findElement(ElementLocation.java:60)
at org.openqa.selenium.remote.RemoteWebDriver.findElement(RemoteWebDriver.java:384)
at org.openqa.selenium.remote.RemoteWebDriver.findElement(RemoteWebDriver.java:378)
at org.openqa.selenium.support.pagefactory.DefaultElementLocator.findElement(DefaultElementLocator.java:68)
at org.openqa.selenium.support.pagefactory.internal.LocatingElementHandler.invoke(LocatingElementHandler.java:38)
at jdk.proxy2/jdk.proxy2.$Proxy14.isDisplayed(Unknown Source)
at org.openqa.selenium.support.ui.ExpectedConditions.elementIfVisible(ExpectedConditions.java:308)
at org.openqa.selenium.support.ui.ExpectedConditions$10.apply(ExpectedConditions.java:294)
at org.openqa.selenium.support.ui.ExpectedConditions$10.apply(ExpectedConditions.java:291)
at org.openqa.selenium.support.ui.FluentWait.until(FluentWait.java:203)
at Org.Eva.Vtiger.utils.WebUtil.explicitWait_For_visibilityOf(WebUtil.java:586)
at Org.Eva.Vtiger.utils.WebUtil.getText(WebUtil.java:131)
at Org.Eva.Vtiger.utils.WebUtil.validateGetTextContains(WebUtil.java:913)
at Org.Vtiger.Pages.LeadsDetailsPage.validateLeadDetails(LeadsDetailsPage.java:45)
at org.Eva.Vtiger.TestCases.LeadsModualTestCases.TC_REG_08_Verify_Email_Field_Validation(LeadsModualTestCases.java:228)
at java.base/java.util.ArrayList.forEach(ArrayList.java:1604)
... Removed 25 stack frames]]>
    </failure>
  </testcase> <!-- TC_REG_08_Verify_Email_Field_Validation -->
  <testcase classname="org.Eva.Vtiger.TestCases.LeadsModualTestCases" name="TC_REG_09_Verify_Phone_Number_Field_Validation" time="0.012">
    <failure type="java.lang.AssertionError" message="verify Home Page  expected [true] but found [false]">
      <![CDATA[java.lang.AssertionError: verify Home Page  expected [true] but found [false]
at Org.Eva.Vtiger.utils.WebUtil.validateURLContains(WebUtil.java:882)
at org.Eva.Vtiger.TestCases.LeadsModualTestCases.TC_REG_09_Verify_Phone_Number_Field_Validation(LeadsModualTestCases.java:233)
at java.base/java.util.ArrayList.forEach(ArrayList.java:1604)
... Removed 28 stack frames]]>
    </failure>
  </testcase> <!-- TC_REG_09_Verify_Phone_Number_Field_Validation -->
  <testcase classname="org.Eva.Vtiger.TestCases.LeadsModualTestCases" name="TC_SMOKE_01_Verify_User_Login_With_Valid_Credentials" time="1.435"/>
  <testcase classname="org.Eva.Vtiger.TestCases.LeadsModualTestCases" name="TC_SMOKE_02_Verify_Create_Lead_With_Valid_Data" time="8.126"/>
  <testcase classname="org.Eva.Vtiger.TestCases.LeadsModualTestCases" name="TC_SMOKE_03_Verify_Leads_List_Page_Load_Successfully" time="4.762"/>
  <testcase classname="org.Eva.Vtiger.TestCases.LeadsModualTestCases" name="TC_SMOKE_04_Verify_User_Logout_Functionality" time="1.559"/>
</testsuite> <!-- TestCasesPractice1 -->
