<?xml version="1.0" encoding="UTF-8"?>
<!-- Generated by org.testng.reporters.JUnitXMLReporter -->
<testsuite ignored="8" hostname="Vimalbind96" failures="0" tests="4" name="TestCasesPractice" time="4.987" errors="0" timestamp="2026-04-13T10:49:26 IST">
  <testcase classname="org.Eva.Vtiger.TestCases.LeadsModualTestCases" name="@BeforeClass setUpBrowser" time="4.875">
    <failure type="org.openqa.selenium.WebDriverException" message="unknown error: JavaScript code failed
from unknown command: &amp;apos;Runtime.evaluate&amp;apos; wasn&amp;apos;t found
  (Session info: chrome=146.0.7680.178)
Build info: version: &amp;apos;4.39.0&amp;apos;, revision: &amp;apos;126f156aee&amp;apos;
System info: os.name: &amp;apos;Windows 11&amp;apos;, os.arch: &amp;apos;amd64&amp;apos;, os.version: &amp;apos;10.0&amp;apos;, java.version: &amp;apos;24.0.1&amp;apos;
Driver info: org.openqa.selenium.chrome.ChromeDriver
Command: [cca2d5e475bad6482ea33d8c8644f30c, maximizeCurrentWindow {}]
Capabilities {acceptInsecureCerts: false, browserName: chrome, browserVersion: 146.0.7680.178, chrome: {chromedriverVersion: 146.0.7680.165 (4b989da09e1..., userDataDir: C:\Users\VIMALB~1\AppData\L...}, fedcm:accounts: true, goog:chromeOptions: {debuggerAddress: localhost:56142}, goog:processID: 1012, networkConnectionEnabled: false, pageLoadStrategy: normal, platformName: windows, proxy: Proxy(), se:cdp: ws://localhost:56142/devtoo..., se:cdpVersion: 146.0.7680.178, setWindowRect: true, strictFileInteractability: false, timeouts: {implicit: 0, pageLoad: 300000, script: 30000}, unhandledPromptBehavior: dismiss and notify, webauthn:extension:credBlob: true, webauthn:extension:largeBlob: true, webauthn:extension:minPinLength: true, webauthn:extension:prf: true, webauthn:virtualAuthenticators: true}
Session ID: cca2d5e475bad6482ea33d8c8644f30c">
      <![CDATA[org.openqa.selenium.WebDriverException: unknown error: JavaScript code failed
from unknown command: 'Runtime.evaluate' wasn't found
  (Session info: chrome=146.0.7680.178)
Build info: version: '4.39.0', revision: '126f156aee'
System info: os.name: 'Windows 11', os.arch: 'amd64', os.version: '10.0', java.version: '24.0.1'
Driver info: org.openqa.selenium.chrome.ChromeDriver
Command: [cca2d5e475bad6482ea33d8c8644f30c, maximizeCurrentWindow {}]
Capabilities {acceptInsecureCerts: false, browserName: chrome, browserVersion: 146.0.7680.178, chrome: {chromedriverVersion: 146.0.7680.165 (4b989da09e1..., userDataDir: C:\Users\VIMALB~1\AppData\L...}, fedcm:accounts: true, goog:chromeOptions: {debuggerAddress: localhost:56142}, goog:processID: 1012, networkConnectionEnabled: false, pageLoadStrategy: normal, platformName: windows, proxy: Proxy(), se:cdp: ws://localhost:56142/devtoo..., se:cdpVersion: 146.0.7680.178, setWindowRect: true, strictFileInteractability: false, timeouts: {implicit: 0, pageLoad: 300000, script: 30000}, unhandledPromptBehavior: dismiss and notify, webauthn:extension:credBlob: true, webauthn:extension:largeBlob: true, webauthn:extension:minPinLength: true, webauthn:extension:prf: true, webauthn:virtualAuthenticators: true}
Session ID: cca2d5e475bad6482ea33d8c8644f30c
at org.openqa.selenium.remote.ErrorCodec.decode(ErrorCodec.java:167)
at org.openqa.selenium.remote.codec.w3c.W3CHttpResponseCodec.decode(W3CHttpResponseCodec.java:142)
at org.openqa.selenium.remote.codec.w3c.W3CHttpResponseCodec.decode(W3CHttpResponseCodec.java:49)
at org.openqa.selenium.remote.HttpCommandExecutor.execute(HttpCommandExecutor.java:215)
at org.openqa.selenium.remote.service.DriverCommandExecutor.invokeExecute(DriverCommandExecutor.java:216)
at org.openqa.selenium.remote.service.DriverCommandExecutor.execute(DriverCommandExecutor.java:174)
at org.openqa.selenium.remote.RemoteWebDriver.execute(RemoteWebDriver.java:561)
at org.openqa.selenium.remote.RemoteWebDriver.execute(RemoteWebDriver.java:638)
at org.openqa.selenium.remote.RemoteWebDriver.execute(RemoteWebDriver.java:642)
at org.openqa.selenium.remote.RemoteWebDriver$RemoteWebDriverOptions$RemoteWindow.maximize(RemoteWebDriver.java:1098)
at Org.Eva.Vtiger.utils.WebUtil.launchBrowser(WebUtil.java:54)
at org.Eva.Vtiger.TestCases.LeadsModualTestCases.setUpBrowser(LeadsModualTestCases.java:32)
at java.base/java.util.ArrayList.forEach(ArrayList.java:1604)
... Removed 26 stack frames]]>
    </failure>
  </testcase> <!-- @BeforeClass setUpBrowser -->
  <testcase classname="org.Eva.Vtiger.TestCases.LeadsModualTestCases" name="@BeforeMethod beforeMethodLogin" time="0.0">
    <skipped/>
  </testcase> <!-- @BeforeMethod beforeMethodLogin -->
  <testcase classname="org.Eva.Vtiger.TestCases.LeadsModualTestCases" name="@AfterMethod signOutVtiger" time="0.0">
    <skipped/>
  </testcase> <!-- @AfterMethod signOutVtiger -->
  <testcase classname="org.Eva.Vtiger.TestCases.LeadsModualTestCases" name="@BeforeMethod beforeMethodLogin" time="0.0">
    <skipped/>
  </testcase> <!-- @BeforeMethod beforeMethodLogin -->
  <testcase classname="org.Eva.Vtiger.TestCases.LeadsModualTestCases" name="@AfterMethod signOutVtiger" time="0.0">
    <skipped/>
  </testcase> <!-- @AfterMethod signOutVtiger -->
  <testcase classname="org.Eva.Vtiger.TestCases.LeadsModualTestCases" name="@BeforeMethod beforeMethodLogin" time="0.0">
    <skipped/>
  </testcase> <!-- @BeforeMethod beforeMethodLogin -->
  <testcase classname="org.Eva.Vtiger.TestCases.LeadsModualTestCases" name="@AfterMethod signOutVtiger" time="0.0">
    <skipped/>
  </testcase> <!-- @AfterMethod signOutVtiger -->
  <testcase classname="org.Eva.Vtiger.TestCases.LeadsModualTestCases" name="@BeforeMethod beforeMethodLogin" time="0.0">
    <skipped/>
  </testcase> <!-- @BeforeMethod beforeMethodLogin -->
  <testcase classname="org.Eva.Vtiger.TestCases.LeadsModualTestCases" name="@AfterMethod signOutVtiger" time="0.0">
    <skipped/>
  </testcase> <!-- @AfterMethod signOutVtiger -->
  <testcase classname="org.Eva.Vtiger.TestCases.LeadsModualTestCases" name="@AfterClass closeBrowser" time="0.0">
    <skipped/>
  </testcase> <!-- @AfterClass closeBrowser -->
  <testcase classname="org.Eva.Vtiger.TestCases.LeadsModualTestCases" name="TC_SMOKE_01_Verify_User_Login_With_Valid_Credentials" time="0.0">
    <skipped/>
  </testcase> <!-- TC_SMOKE_01_Verify_User_Login_With_Valid_Credentials -->
  <testcase classname="org.Eva.Vtiger.TestCases.LeadsModualTestCases" name="TC_SMOKE_02_Verify_Create_Lead_With_Valid_Data" time="0.0">
    <skipped/>
  </testcase> <!-- TC_SMOKE_02_Verify_Create_Lead_With_Valid_Data -->
  <testcase classname="org.Eva.Vtiger.TestCases.LeadsModualTestCases" name="TC_SMOKE_03_Verify_Leads_List_Page_Load_Successfully" time="0.0">
    <skipped/>
  </testcase> <!-- TC_SMOKE_03_Verify_Leads_List_Page_Load_Successfully -->
  <testcase classname="org.Eva.Vtiger.TestCases.LeadsModualTestCases" name="TC_SMOKE_04_Verify_User_Logout_Functionality" time="0.0">
    <skipped/>
  </testcase> <!-- TC_SMOKE_04_Verify_User_Logout_Functionality -->
  <testcase classname="org.Eva.Vtiger.TestCases.LeadsModualTestCases" name="TC_REG_09_Verify_Phone_Number_Field_Validation" time="0.0">
    <ignored/>
  </testcase> <!-- TC_REG_09_Verify_Phone_Number_Field_Validation -->
  <testcase classname="org.Eva.Vtiger.TestCases.LeadsModualTestCases" name="TC_REG_07_Verify_Duplicate_Lead_Creation_Not_Allowed" time="0.0">
    <ignored/>
  </testcase> <!-- TC_REG_07_Verify_Duplicate_Lead_Creation_Not_Allowed -->
  <testcase classname="org.Eva.Vtiger.TestCases.LeadsModualTestCases" name="TC_REG_01_Verify_Create_Lead_With_Invalid_Data" time="0.0">
    <ignored/>
  </testcase> <!-- TC_REG_01_Verify_Create_Lead_With_Invalid_Data -->
  <testcase classname="org.Eva.Vtiger.TestCases.LeadsModualTestCases" name="TC_REG_03_Verify_Edit_Existing_Lead_Details" time="0.0">
    <ignored/>
  </testcase> <!-- TC_REG_03_Verify_Edit_Existing_Lead_Details -->
  <testcase classname="org.Eva.Vtiger.TestCases.LeadsModualTestCases" name="TC_REG_05_Verify_Search_Lead_By_Name" time="0.0">
    <ignored/>
  </testcase> <!-- TC_REG_05_Verify_Search_Lead_By_Name -->
  <testcase classname="org.Eva.Vtiger.TestCases.LeadsModualTestCases" name="TC_REG_02_Verify_Create_Lead_With_Missing_Mandatory_Fields" time="0.0">
    <ignored/>
  </testcase> <!-- TC_REG_02_Verify_Create_Lead_With_Missing_Mandatory_Fields -->
  <testcase classname="org.Eva.Vtiger.TestCases.LeadsModualTestCases" name="TC_REG_08_Verify_Email_Field_Validation" time="0.0">
    <ignored/>
  </testcase> <!-- TC_REG_08_Verify_Email_Field_Validation -->
  <testcase classname="org.Eva.Vtiger.TestCases.LeadsModualTestCases" name="TC_REG_06_Verify_Filter_Leads_By_Status" time="0.0">
    <ignored/>
  </testcase> <!-- TC_REG_06_Verify_Filter_Leads_By_Status -->
</testsuite> <!-- TestCasesPractice -->
