<?xml version="1.0" encoding="UTF-8"?>
<!-- Generated by org.testng.reporters.JUnitReportReporter -->
<testsuite hostname="Vimalbind96" failures="0" tests="3" name="org.Eva.Vtiger.TestCases.TestCaseRun" time="91.038" errors="0" timestamp="2026-03-28T21:40:24 IST" skipped="0">
  <testcase classname="org.Eva.Vtiger.TestCases.TestCaseRun" name="TC003_LeadCreateWithMandatoryFieldAndVerifyLead" time="64.099"/>
  <testcase classname="org.Eva.Vtiger.TestCases.TestCaseRun" name="TC001_LoginAndVerifyHomePage" time="7.831"/>
  <testcase classname="org.Eva.Vtiger.TestCases.TestCaseRun" name="TC002_LogoutAndVerifyLoginPage" time="19.108"/>
</testsuite> <!-- org.Eva.Vtiger.TestCases.TestCaseRun -->
