<?xml version="1.0" encoding="UTF-8"?>
<!-- Generated by org.testng.reporters.JUnitReportReporter -->
<testsuite hostname="Vimalbind96" failures="0" tests="13" name="eva.practicetestNG.Practice_3" time="0.026" errors="0" timestamp="2026-03-30T21:16:38 IST" skipped="0">
  <testcase classname="eva.practicetestNG.Practice_3" name="TestNG4" time="0.003"/>
  <testcase classname="eva.practicetestNG.Practice_3" name="TestNG8" time="0.002"/>
  <testcase classname="eva.practicetestNG.Practice_3" name="TestNG5" time="0.001"/>
  <testcase classname="eva.practicetestNG.Practice_3" name="TestNG11" time="0.003"/>
  <testcase classname="eva.practicetestNG.Practice_3" name="TestNG12" time="0.002"/>
  <testcase classname="eva.practicetestNG.Practice_3" name="TestNG13" time="0.001"/>
  <testcase classname="eva.practicetestNG.Practice_3" name="TestNG14" time="0.001"/>
  <testcase classname="eva.practicetestNG.Practice_3" name="TestNG2" time="0.001"/>
  <testcase classname="eva.practicetestNG.Practice_3" name="TestNG3" time="0.002"/>
  <testcase classname="eva.practicetestNG.Practice_3" name="TestNG9" time="0.002"/>
  <testcase classname="eva.practicetestNG.Practice_3" name="TestNG10" time="0.003"/>
  <testcase classname="eva.practicetestNG.Practice_3" name="TestNG6" time="0.002"/>
  <testcase classname="eva.practicetestNG.Practice_3" name="TestNG7" time="0.003"/>
</testsuite> <!-- eva.practicetestNG.Practice_3 -->
