<?xml version="1.0" encoding="UTF-8"?>
<!-- Generated by org.testng.reporters.JUnitReportReporter -->
<testsuite hostname="Vimalbind96" failures="0" tests="2" name="org.Eva.Vtiger.TestCases.LoginAndVerifyHomePag" time="14.431" errors="0" timestamp="2026-04-04T06:45:47 IST" skipped="1">
  <testcase classname="org.Eva.Vtiger.TestCases.LoginAndVerifyHomePag" name="TC_REG_01_Verify_Create_Lead_With_Invalid_Data" time="14.431"/>
  <testcase classname="org.Eva.Vtiger.TestCases.LoginAndVerifyHomePag" name="TC_SMOKE_04_Verify_User_Logout_Functionality">
    <skipped/>
  </testcase> <!-- TC_SMOKE_04_Verify_User_Logout_Functionality -->
</testsuite> <!-- org.Eva.Vtiger.TestCases.LoginAndVerifyHomePag -->
