<?xml version="1.0" encoding="UTF-8"?>
<!-- Generated by org.testng.reporters.JUnitReportReporter -->
<testsuite hostname="Vimalbind96" failures="0" tests="2" name="org.Eva.Vtiger.TestCases.GroupTestCases" time="0.013" errors="0" timestamp="2026-04-01T14:45:51 IST" skipped="0">
  <testcase classname="org.Eva.Vtiger.TestCases.GroupTestCases" name="launch" time="0.012"/>
  <testcase classname="org.Eva.Vtiger.TestCases.GroupTestCases" name="openUrl" time="0.001"/>
</testsuite> <!-- org.Eva.Vtiger.TestCases.GroupTestCases -->
