<?xml version="1.0" encoding="UTF-8"?>
<!-- Generated by org.testng.reporters.JUnitReportReporter -->
<testsuite hostname="Vimalbind96" failures="0" tests="2" name="eva.practicetestNG.PracticeTestNG" time="23.683" errors="0" timestamp="2026-03-31T09:54:15 IST" skipped="0">
  <testcase classname="eva.practicetestNG.PracticeTestNG" name="TC002_LogoutAndVerifyLoginPage" time="11.426"/>
  <testcase classname="eva.practicetestNG.PracticeTestNG" name="TC001_LoginAndVerifyHomePage" time="12.257"/>
</testsuite> <!-- eva.practicetestNG.PracticeTestNG -->
