<?xml version="1.0" encoding="UTF-8"?>
<!-- Generated by org.testng.reporters.JUnitReportReporter -->
<testsuite hostname="Vimalbind96" failures="0" tests="14" name="eva.practicetestNG.Pratice" time="0.047" errors="0" timestamp="2026-03-30T17:53:21 IST" skipped="0">
  <testcase classname="eva.practicetestNG.Pratice" name="TestNG12" time="0.001"/>
  <testcase classname="eva.practicetestNG.Pratice" name="TestNG8" time="0.001"/>
  <testcase classname="eva.practicetestNG.Pratice" name="TestNG1" time="0.017"/>
  <testcase classname="eva.practicetestNG.Pratice" name="TestNG6" time="0.007"/>
  <testcase classname="eva.practicetestNG.Pratice" name="TestNG4" time="0.002"/>
  <testcase classname="eva.practicetestNG.Pratice" name="TestNG3" time="0.003"/>
  <testcase classname="eva.practicetestNG.Pratice" name="TestNG7" time="0.003"/>
  <testcase classname="eva.practicetestNG.Pratice" name="TestNG9" time="0.003"/>
  <testcase classname="eva.practicetestNG.Pratice" name="TestNG10" time="0.002"/>
  <testcase classname="eva.practicetestNG.Pratice" name="TestNG2" time="0.002"/>
  <testcase classname="eva.practicetestNG.Pratice" name="TestNG5" time="0.001"/>
  <testcase classname="eva.practicetestNG.Pratice" name="TestNG14" time="0.001"/>
  <testcase classname="eva.practicetestNG.Pratice" name="TestNG13" time="0.001"/>
  <testcase classname="eva.practicetestNG.Pratice" name="TestNG11" time="0.003"/>
</testsuite> <!-- eva.practicetestNG.Pratice -->
